Exception in thread "main" org.apache.xmlrpc.XmlRpcException: There is no Gateway connected
	at org.apache.xmlrpc.XmlRpcClient$Worker.execute(XmlRpcClient.java:457)
	at org.apache.xmlrpc.XmlRpcClient.execute(XmlRpcClient.java:163)
	at QueueSamplerClient3.main(QueueSamplerClient3.java:21)
null
null
null
null
Exception in thread "main" java.io.IOException: Network is unreachable
	at org.apache.xmlrpc.XmlRpcClient$Worker.execute(XmlRpcClient.java:444)
	at org.apache.xmlrpc.XmlRpcClient.execute(XmlRpcClient.java:163)
	at QueueSamplerClient3.main(QueueSamplerClient3.java:21)
Exception in thread "main" java.io.IOException: Network is unreachable
	at org.apache.xmlrpc.XmlRpcClient$Worker.execute(XmlRpcClient.java:444)
	at org.apache.xmlrpc.XmlRpcClient.execute(XmlRpcClient.java:163)
	at QueueSamplerClient3.main(QueueSamplerClient3.java:21)
Exception in thread "main" java.io.IOException: Network is unreachable
	at org.apache.xmlrpc.XmlRpcClient$Worker.execute(XmlRpcClient.java:444)
	at org.apache.xmlrpc.XmlRpcClient.execute(XmlRpcClient.java:163)
	at QueueSamplerClient3.main(QueueSamplerClient3.java:21)
Exception in thread "main" java.io.IOException: Network is unreachable
	at org.apache.xmlrpc.XmlRpcClient$Worker.execute(XmlRpcClient.java:444)
	at org.apache.xmlrpc.XmlRpcClient.execute(XmlRpcClient.java:163)
	at QueueSamplerClient3.main(QueueSamplerClient3.java:21)
Exception in thread "main" org.apache.xmlrpc.XmlRpcException: There is no Gateway connected
	at org.apache.xmlrpc.XmlRpcClient$Worker.execute(XmlRpcClient.java:457)
	at org.apache.xmlrpc.XmlRpcClient.execute(XmlRpcClient.java:163)
	at QueueSamplerClient3.main(QueueSamplerClient3.java:21)
Exception in thread "main" org.apache.xmlrpc.XmlRpcException: There is no Gateway connected
	at org.apache.xmlrpc.XmlRpcClient$Worker.execute(XmlRpcClient.java:457)
	at org.apache.xmlrpc.XmlRpcClient.execute(XmlRpcClient.java:163)
	at QueueSamplerClient3.main(QueueSamplerClient3.java:21)
null
null
Exception in thread "main" org.apache.xmlrpc.XmlRpcException: There is no Gateway connected
	at org.apache.xmlrpc.XmlRpcClient$Worker.execute(XmlRpcClient.java:457)
	at org.apache.xmlrpc.XmlRpcClient.execute(XmlRpcClient.java:163)
	at QueueSamplerClient3.main(QueueSamplerClient3.java:21)
Exception in thread "main" org.apache.xmlrpc.XmlRpcException: There is no Gateway connected
	at org.apache.xmlrpc.XmlRpcClient$Worker.execute(XmlRpcClient.java:457)
	at org.apache.xmlrpc.XmlRpcClient.execute(XmlRpcClient.java:163)
	at QueueSamplerClient3.main(QueueSamplerClient3.java:21)
Exception in thread "main" org.apache.xmlrpc.XmlRpcException: There is no Gateway connected
	at org.apache.xmlrpc.XmlRpcClient$Worker.execute(XmlRpcClient.java:457)
	at org.apache.xmlrpc.XmlRpcClient.execute(XmlRpcClient.java:163)
	at QueueSamplerClient3.main(QueueSamplerClient3.java:21)
Error: Exception thrown by the agent : java.rmi.server.ExportException: Port already in use: 5003; nested exception is: 
	java.net.BindException: Address already in use
Exception in thread "main" org.apache.xmlrpc.XmlRpcException: There is no Gateway connected
	at org.apache.xmlrpc.XmlRpcClient$Worker.execute(XmlRpcClient.java:457)
	at org.apache.xmlrpc.XmlRpcClient.execute(XmlRpcClient.java:163)
	at QueueSamplerClient3.main(QueueSamplerClient3.java:21)
Exception in thread "main" org.apache.xmlrpc.XmlRpcException: There is no Gateway connected
	at org.apache.xmlrpc.XmlRpcClient$Worker.execute(XmlRpcClient.java:457)
	at org.apache.xmlrpc.XmlRpcClient.execute(XmlRpcClient.java:163)
	at QueueSamplerClient3.main(QueueSamplerClient3.java:21)
null
null
Exception in thread "main" org.apache.xmlrpc.XmlRpcException: There is no Gateway connected
	at org.apache.xmlrpc.XmlRpcClient$Worker.execute(XmlRpcClient.java:457)
	at org.apache.xmlrpc.XmlRpcClient.execute(XmlRpcClient.java:163)
	at QueueSamplerClient3.main(QueueSamplerClient3.java:21)
null
null
Error: Exception thrown by the agent : java.rmi.server.ExportException: Port already in use: 5003; nested exception is: 
	java.net.BindException: Address already in use
Exception in thread "main" java.io.IOException: Network is unreachable
	at org.apache.xmlrpc.XmlRpcClient$Worker.execute(XmlRpcClient.java:444)
	at org.apache.xmlrpc.XmlRpcClient.execute(XmlRpcClient.java:163)
	at QueueSamplerClient3.main(QueueSamplerClient3.java:21)
null
null
Exception in thread "main" org.apache.xmlrpc.XmlRpcException: There is no Gateway connected
	at org.apache.xmlrpc.XmlRpcClient$Worker.execute(XmlRpcClient.java:457)
	at org.apache.xmlrpc.XmlRpcClient.execute(XmlRpcClient.java:163)
	at QueueSamplerClient3.main(QueueSamplerClient3.java:21)
Exception in thread "main" org.apache.xmlrpc.XmlRpcException: There is no Gateway connected
	at org.apache.xmlrpc.XmlRpcClient$Worker.execute(XmlRpcClient.java:457)
	at org.apache.xmlrpc.XmlRpcClient.execute(XmlRpcClient.java:163)
	at QueueSamplerClient3.main(QueueSamplerClient3.java:21)
Exception in thread "main" org.apache.xmlrpc.XmlRpcException: There is no Gateway connected
	at org.apache.xmlrpc.XmlRpcClient$Worker.execute(XmlRpcClient.java:457)
	at org.apache.xmlrpc.XmlRpcClient.execute(XmlRpcClient.java:163)
	at QueueSamplerClient3.main(QueueSamplerClient3.java:21)
Exception in thread "main" org.apache.xmlrpc.XmlRpcException: There is no Gateway connected
	at org.apache.xmlrpc.XmlRpcClient$Worker.execute(XmlRpcClient.java:457)
	at org.apache.xmlrpc.XmlRpcClient.execute(XmlRpcClient.java:163)
	at QueueSamplerClient3.main(QueueSamplerClient3.java:21)
Exception in thread "main" org.apache.xmlrpc.XmlRpcException: There is no Gateway connected
	at org.apache.xmlrpc.XmlRpcClient$Worker.execute(XmlRpcClient.java:457)
	at org.apache.xmlrpc.XmlRpcClient.execute(XmlRpcClient.java:163)
	at QueueSamplerClient3.main(QueueSamplerClient3.java:21)
Exception in thread "main" java.io.IOException: Network is unreachable
	at org.apache.xmlrpc.XmlRpcClient$Worker.execute(XmlRpcClient.java:444)
	at org.apache.xmlrpc.XmlRpcClient.execute(XmlRpcClient.java:163)
	at QueueSamplerClient3.main(QueueSamplerClient3.java:21)
null
Error: Exception thrown by the agent : java.net.MalformedURLException: Local host name unknown: java.net.UnknownHostException: presales-demo-vm: presales-demo-vm
Error: Exception thrown by the agent : java.net.MalformedURLException: Local host name unknown: java.net.UnknownHostException: presales-demo-vm: presales-demo-vm
Exception in thread "main" org.apache.xmlrpc.XmlRpcException: View 'myGroup-jqueues' already exists.
	at org.apache.xmlrpc.XmlRpcClient$Worker.execute(XmlRpcClient.java:457)
	at org.apache.xmlrpc.XmlRpcClient.execute(XmlRpcClient.java:163)
	at QueueSamplerClient3.main(QueueSamplerClient3.java:21)
OK
Exception in thread "main" org.apache.xmlrpc.XmlRpcException: There is no Gateway connected
	at org.apache.xmlrpc.XmlRpcClient$Worker.execute(XmlRpcClient.java:457)
	at org.apache.xmlrpc.XmlRpcClient.execute(XmlRpcClient.java:163)
	at QueueSamplerClient3.main(QueueSamplerClient3.java:68)
OK
Exception in thread "main" org.apache.xmlrpc.XmlRpcException: There is no Gateway connected
	at org.apache.xmlrpc.XmlRpcClient$Worker.execute(XmlRpcClient.java:457)
	at org.apache.xmlrpc.XmlRpcClient.execute(XmlRpcClient.java:163)
	at QueueSamplerClient3.main(QueueSamplerClient3.java:68)
OK
Exception in thread "main" org.apache.xmlrpc.XmlRpcException: There is no Gateway connected
	at org.apache.xmlrpc.XmlRpcClient$Worker.execute(XmlRpcClient.java:457)
	at org.apache.xmlrpc.XmlRpcClient.execute(XmlRpcClient.java:163)
	at QueueSamplerClient3.main(QueueSamplerClient3.java:68)
OK
Exception in thread "main" java.io.IOException: Connection refused
	at org.apache.xmlrpc.XmlRpcClient$Worker.execute(XmlRpcClient.java:444)
	at org.apache.xmlrpc.XmlRpcClient.execute(XmlRpcClient.java:163)
	at QueueSamplerClient3.main(QueueSamplerClient3.java:68)
OK
OK
Exception in thread "main" org.apache.xmlrpc.XmlRpcException: There is no Gateway connected
	at org.apache.xmlrpc.XmlRpcClient$Worker.execute(XmlRpcClient.java:457)
	at org.apache.xmlrpc.XmlRpcClient.execute(XmlRpcClient.java:163)
	at QueueSamplerClient3.main(QueueSamplerClient3.java:68)
OK
Exception in thread "main" org.apache.xmlrpc.XmlRpcException: There is no Gateway connected
	at org.apache.xmlrpc.XmlRpcClient$Worker.execute(XmlRpcClient.java:457)
	at org.apache.xmlrpc.XmlRpcClient.execute(XmlRpcClient.java:163)
	at QueueSamplerClient3.main(QueueSamplerClient3.java:68)
OK
Exception in thread "main" org.apache.xmlrpc.XmlRpcException: There is no Gateway connected
	at org.apache.xmlrpc.XmlRpcClient$Worker.execute(XmlRpcClient.java:457)
	at org.apache.xmlrpc.XmlRpcClient.execute(XmlRpcClient.java:163)
	at QueueSamplerClient3.main(QueueSamplerClient3.java:68)
Exception in thread "main" org.apache.xmlrpc.XmlRpcException: View 'myGroup-jqueues' already exists.
	at org.apache.xmlrpc.XmlRpcClient$Worker.execute(XmlRpcClient.java:457)
	at org.apache.xmlrpc.XmlRpcClient.execute(XmlRpcClient.java:163)
	at QueueSamplerClient3.main(QueueSamplerClient3.java:21)
Exception in thread "main" org.apache.xmlrpc.XmlRpcException: Sampler does not exist
	at org.apache.xmlrpc.XmlRpcClient$Worker.execute(XmlRpcClient.java:457)
	at org.apache.xmlrpc.XmlRpcClient.execute(XmlRpcClient.java:163)
	at QueueSamplerClient3.main(QueueSamplerClient3.java:21)
Exception in thread "main" org.apache.xmlrpc.XmlRpcException: There is no Gateway connected
	at org.apache.xmlrpc.XmlRpcClient$Worker.execute(XmlRpcClient.java:457)
	at org.apache.xmlrpc.XmlRpcClient.execute(XmlRpcClient.java:163)
	at QueueSamplerClient3.main(QueueSamplerClient3.java:21)
Exception in thread "main" org.apache.xmlrpc.XmlRpcException: There is no Gateway connected
	at org.apache.xmlrpc.XmlRpcClient$Worker.execute(XmlRpcClient.java:457)
	at org.apache.xmlrpc.XmlRpcClient.execute(XmlRpcClient.java:163)
	at QueueSamplerClient3.main(QueueSamplerClient3.java:21)
Exception in thread "main" org.apache.xmlrpc.XmlRpcException: There is no Gateway connected
	at org.apache.xmlrpc.XmlRpcClient$Worker.execute(XmlRpcClient.java:457)
	at org.apache.xmlrpc.XmlRpcClient.execute(XmlRpcClient.java:163)
	at QueueSamplerClient3.main(QueueSamplerClient3.java:21)
OK
Exception in thread "main" org.apache.xmlrpc.XmlRpcException: Sampler does not exist
	at org.apache.xmlrpc.XmlRpcClient$Worker.execute(XmlRpcClient.java:457)
	at org.apache.xmlrpc.XmlRpcClient.execute(XmlRpcClient.java:163)
	at QueueSamplerClient3.main(QueueSamplerClient3.java:68)
Exception in thread "main" org.apache.xmlrpc.XmlRpcException: There is no Gateway connected
	at org.apache.xmlrpc.XmlRpcClient$Worker.execute(XmlRpcClient.java:457)
	at org.apache.xmlrpc.XmlRpcClient.execute(XmlRpcClient.java:163)
	at QueueSamplerClient3.main(QueueSamplerClient3.java:21)
OK
Exception in thread "main" java.io.IOException: Connection refused
	at org.apache.xmlrpc.XmlRpcClient$Worker.execute(XmlRpcClient.java:444)
	at org.apache.xmlrpc.XmlRpcClient.execute(XmlRpcClient.java:163)
	at QueueSamplerClient3.main(QueueSamplerClient3.java:68)
Exception in thread "main" org.apache.xmlrpc.XmlRpcException: There is no Gateway connected
	at org.apache.xmlrpc.XmlRpcClient$Worker.execute(XmlRpcClient.java:457)
	at org.apache.xmlrpc.XmlRpcClient.execute(XmlRpcClient.java:163)
	at QueueSamplerClient3.main(QueueSamplerClient3.java:21)
Exception in thread "main" org.apache.xmlrpc.XmlRpcException: There is no Gateway connected
	at org.apache.xmlrpc.XmlRpcClient$Worker.execute(XmlRpcClient.java:457)
	at org.apache.xmlrpc.XmlRpcClient.execute(XmlRpcClient.java:163)
	at QueueSamplerClient3.main(QueueSamplerClient3.java:21)
Exception in thread "main" java.io.IOException: Connection refused
	at org.apache.xmlrpc.XmlRpcClient$Worker.execute(XmlRpcClient.java:444)
	at org.apache.xmlrpc.XmlRpcClient.execute(XmlRpcClient.java:163)
	at QueueSamplerClient3.main(QueueSamplerClient3.java:21)
Exception in thread "main" org.apache.xmlrpc.XmlRpcException: There is no Gateway connected
	at org.apache.xmlrpc.XmlRpcClient$Worker.execute(XmlRpcClient.java:457)
	at org.apache.xmlrpc.XmlRpcClient.execute(XmlRpcClient.java:163)
	at QueueSamplerClient3.main(QueueSamplerClient3.java:21)
OK
Exception in thread "main" java.io.IOException: Connection refused
	at org.apache.xmlrpc.XmlRpcClient$Worker.execute(XmlRpcClient.java:444)
	at org.apache.xmlrpc.XmlRpcClient.execute(XmlRpcClient.java:163)
	at QueueSamplerClient3.main(QueueSamplerClient3.java:68)
Exception in thread "main" org.apache.xmlrpc.XmlRpcException: There is no Gateway connected
	at org.apache.xmlrpc.XmlRpcClient$Worker.execute(XmlRpcClient.java:457)
	at org.apache.xmlrpc.XmlRpcClient.execute(XmlRpcClient.java:163)
	at QueueSamplerClient3.main(QueueSamplerClient3.java:21)
Exception in thread "main" org.apache.xmlrpc.XmlRpcException: There is no Gateway connected
	at org.apache.xmlrpc.XmlRpcClient$Worker.execute(XmlRpcClient.java:457)
	at org.apache.xmlrpc.XmlRpcClient.execute(XmlRpcClient.java:163)
	at QueueSamplerClient3.main(QueueSamplerClient3.java:21)
Exception in thread "main" org.apache.xmlrpc.XmlRpcException: There is no Gateway connected
	at org.apache.xmlrpc.XmlRpcClient$Worker.execute(XmlRpcClient.java:457)
	at org.apache.xmlrpc.XmlRpcClient.execute(XmlRpcClient.java:163)
	at QueueSamplerClient3.main(QueueSamplerClient3.java:21)
Exception in thread "main" org.apache.xmlrpc.XmlRpcException: There is no Gateway connected
	at org.apache.xmlrpc.XmlRpcClient$Worker.execute(XmlRpcClient.java:457)
	at org.apache.xmlrpc.XmlRpcClient.execute(XmlRpcClient.java:163)
	at QueueSamplerClient3.main(QueueSamplerClient3.java:21)
Exception in thread "main" org.apache.xmlrpc.XmlRpcException: There is no Gateway connected
	at org.apache.xmlrpc.XmlRpcClient$Worker.execute(XmlRpcClient.java:457)
	at org.apache.xmlrpc.XmlRpcClient.execute(XmlRpcClient.java:163)
	at QueueSamplerClient3.main(QueueSamplerClient3.java:21)
OK
Exception in thread "main" java.io.IOException: Connection refused
	at org.apache.xmlrpc.XmlRpcClient$Worker.execute(XmlRpcClient.java:444)
	at org.apache.xmlrpc.XmlRpcClient.execute(XmlRpcClient.java:163)
	at QueueSamplerClient3.main(QueueSamplerClient3.java:68)
Exception in thread "main" org.apache.xmlrpc.XmlRpcException: There is no Gateway connected
	at org.apache.xmlrpc.XmlRpcClient$Worker.execute(XmlRpcClient.java:457)
	at org.apache.xmlrpc.XmlRpcClient.execute(XmlRpcClient.java:163)
	at QueueSamplerClient3.main(QueueSamplerClient3.java:21)
Exception in thread "main" org.apache.xmlrpc.XmlRpcException: There is no Gateway connected
	at org.apache.xmlrpc.XmlRpcClient$Worker.execute(XmlRpcClient.java:457)
	at org.apache.xmlrpc.XmlRpcClient.execute(XmlRpcClient.java:163)
	at QueueSamplerClient3.main(QueueSamplerClient3.java:21)
Exception in thread "main" org.apache.xmlrpc.XmlRpcException: There is no Gateway connected
	at org.apache.xmlrpc.XmlRpcClient$Worker.execute(XmlRpcClient.java:457)
	at org.apache.xmlrpc.XmlRpcClient.execute(XmlRpcClient.java:163)
	at QueueSamplerClient3.main(QueueSamplerClient3.java:21)
Exception in thread "main" org.apache.xmlrpc.XmlRpcException: There is no Gateway connected
	at org.apache.xmlrpc.XmlRpcClient$Worker.execute(XmlRpcClient.java:457)
	at org.apache.xmlrpc.XmlRpcClient.execute(XmlRpcClient.java:163)
	at QueueSamplerClient3.main(QueueSamplerClient3.java:21)
OK
Exception in thread "main" org.apache.xmlrpc.XmlRpcException: There is no Gateway connected
	at org.apache.xmlrpc.XmlRpcClient$Worker.execute(XmlRpcClient.java:457)
	at org.apache.xmlrpc.XmlRpcClient.execute(XmlRpcClient.java:163)
	at QueueSamplerClient3.main(QueueSamplerClient3.java:68)
OK
Exception in thread "main" org.apache.xmlrpc.XmlRpcException: There is no Gateway connected
	at org.apache.xmlrpc.XmlRpcClient$Worker.execute(XmlRpcClient.java:457)
	at org.apache.xmlrpc.XmlRpcClient.execute(XmlRpcClient.java:163)
	at QueueSamplerClient3.main(QueueSamplerClient3.java:68)
OK
Exception in thread "main" java.io.IOException: Connection refused
	at org.apache.xmlrpc.XmlRpcClient$Worker.execute(XmlRpcClient.java:444)
	at org.apache.xmlrpc.XmlRpcClient.execute(XmlRpcClient.java:163)
	at QueueSamplerClient3.main(QueueSamplerClient3.java:68)
OK
Exception in thread "main" org.apache.xmlrpc.XmlRpcException: There is no Gateway connected
	at org.apache.xmlrpc.XmlRpcClient$Worker.execute(XmlRpcClient.java:457)
	at org.apache.xmlrpc.XmlRpcClient.execute(XmlRpcClient.java:163)
	at QueueSamplerClient3.main(QueueSamplerClient3.java:68)
OK
Exception in thread "main" org.apache.xmlrpc.XmlRpcException: There is no Gateway connected
	at org.apache.xmlrpc.XmlRpcClient$Worker.execute(XmlRpcClient.java:457)
	at org.apache.xmlrpc.XmlRpcClient.execute(XmlRpcClient.java:163)
	at QueueSamplerClient3.main(QueueSamplerClient3.java:68)
Exception in thread "main" org.apache.xmlrpc.XmlRpcException: Sampler does not exist
	at org.apache.xmlrpc.XmlRpcClient$Worker.execute(XmlRpcClient.java:457)
	at org.apache.xmlrpc.XmlRpcClient.execute(XmlRpcClient.java:163)
	at QueueSamplerClient3.main(QueueSamplerClient3.java:21)
OK
Exception in thread "main" java.io.IOException: Connection refused
	at org.apache.xmlrpc.XmlRpcClient$Worker.execute(XmlRpcClient.java:444)
	at org.apache.xmlrpc.XmlRpcClient.execute(XmlRpcClient.java:163)
	at QueueSamplerClient3.main(QueueSamplerClient3.java:68)
OK
Exception in thread "main" java.io.IOException: Connection refused
	at org.apache.xmlrpc.XmlRpcClient$Worker.execute(XmlRpcClient.java:444)
	at org.apache.xmlrpc.XmlRpcClient.execute(XmlRpcClient.java:163)
	at QueueSamplerClient3.main(QueueSamplerClient3.java:68)
OK
Exception in thread "main" java.io.IOException: Connection refused
	at org.apache.xmlrpc.XmlRpcClient$Worker.execute(XmlRpcClient.java:444)
	at org.apache.xmlrpc.XmlRpcClient.execute(XmlRpcClient.java:163)
	at QueueSamplerClient3.main(QueueSamplerClient3.java:68)
OK
OK
Exception in thread "main" java.io.IOException: Connection refused
	at org.apache.xmlrpc.XmlRpcClient$Worker.execute(XmlRpcClient.java:444)
	at org.apache.xmlrpc.XmlRpcClient.execute(XmlRpcClient.java:163)
	at QueueSamplerClient3.main(QueueSamplerClient3.java:68)
OK
Exception in thread "main" java.io.IOException: Connection refused
	at org.apache.xmlrpc.XmlRpcClient$Worker.execute(XmlRpcClient.java:444)
	at org.apache.xmlrpc.XmlRpcClient.execute(XmlRpcClient.java:163)
	at QueueSamplerClient3.main(QueueSamplerClient3.java:68)
Exception in thread "main" org.apache.xmlrpc.XmlRpcException: There is no Gateway connected
	at org.apache.xmlrpc.XmlRpcClient$Worker.execute(XmlRpcClient.java:457)
	at org.apache.xmlrpc.XmlRpcClient.execute(XmlRpcClient.java:163)
	at QueueSamplerClient3.main(QueueSamplerClient3.java:21)
OK
OK
OK
Exception in thread "main" org.apache.xmlrpc.XmlRpcException: There is no Gateway connected
	at org.apache.xmlrpc.XmlRpcClient$Worker.execute(XmlRpcClient.java:457)
	at org.apache.xmlrpc.XmlRpcClient.execute(XmlRpcClient.java:163)
	at QueueSamplerClient3.main(QueueSamplerClient3.java:68)
OK
Exception in thread "main" java.io.IOException: Connection refused
	at org.apache.xmlrpc.XmlRpcClient$Worker.execute(XmlRpcClient.java:444)
	at org.apache.xmlrpc.XmlRpcClient.execute(XmlRpcClient.java:163)
	at QueueSamplerClient3.main(QueueSamplerClient3.java:68)
OK
Exception in thread "main" java.io.IOException: Connection refused
	at org.apache.xmlrpc.XmlRpcClient$Worker.execute(XmlRpcClient.java:444)
	at org.apache.xmlrpc.XmlRpcClient.execute(XmlRpcClient.java:163)
	at QueueSamplerClient3.main(QueueSamplerClient3.java:68)
OK
Exception in thread "main" java.io.IOException: Connection refused
	at org.apache.xmlrpc.XmlRpcClient$Worker.execute(XmlRpcClient.java:444)
	at org.apache.xmlrpc.XmlRpcClient.execute(XmlRpcClient.java:163)
	at QueueSamplerClient3.main(QueueSamplerClient3.java:68)
OK
Exception in thread "main" java.io.IOException: Connection refused
	at org.apache.xmlrpc.XmlRpcClient$Worker.execute(XmlRpcClient.java:444)
	at org.apache.xmlrpc.XmlRpcClient.execute(XmlRpcClient.java:163)
	at QueueSamplerClient3.main(QueueSamplerClient3.java:68)
OK
Exception in thread "main" java.io.IOException: Connection refused
	at org.apache.xmlrpc.XmlRpcClient$Worker.execute(XmlRpcClient.java:444)
	at org.apache.xmlrpc.XmlRpcClient.execute(XmlRpcClient.java:163)
	at QueueSamplerClient3.main(QueueSamplerClient3.java:68)
Exception in thread "main" org.apache.xmlrpc.XmlRpcException: There is no Gateway connected
	at org.apache.xmlrpc.XmlRpcClient$Worker.execute(XmlRpcClient.java:457)
	at org.apache.xmlrpc.XmlRpcClient.execute(XmlRpcClient.java:163)
	at QueueSamplerClient3.main(QueueSamplerClient3.java:21)
OK
Exception in thread "main" java.io.IOException: Connection refused
	at org.apache.xmlrpc.XmlRpcClient$Worker.execute(XmlRpcClient.java:444)
	at org.apache.xmlrpc.XmlRpcClient.execute(XmlRpcClient.java:163)
	at QueueSamplerClient3.main(QueueSamplerClient3.java:68)
OK
OK
Exception in thread "main" java.io.IOException: Connection refused
	at org.apache.xmlrpc.XmlRpcClient$Worker.execute(XmlRpcClient.java:444)
	at org.apache.xmlrpc.XmlRpcClient.execute(XmlRpcClient.java:163)
	at QueueSamplerClient3.main(QueueSamplerClient3.java:68)
OK
OK
Jul 29, 2013 4:41:39 PM ServerCommunicatorAdmin reqIncoming
WARNING: The server has decided to close this client connection.
OK
Jul 31, 2013 1:02:10 PM ServerCommunicatorAdmin reqIncoming
WARNING: The server has decided to close this client connection.
OK
Aug 1, 2013 8:28:48 PM ServerCommunicatorAdmin reqIncoming
WARNING: The server has decided to close this client connection.
Exception in thread "main" java.io.IOException: Connection refused
	at org.apache.xmlrpc.XmlRpcClient$Worker.execute(XmlRpcClient.java:444)
	at org.apache.xmlrpc.XmlRpcClient.execute(XmlRpcClient.java:163)
	at QueueSamplerClient3.main(QueueSamplerClient3.java:68)
OK
Exception in thread "main" java.io.IOException: Connection refused
	at org.apache.xmlrpc.XmlRpcClient$Worker.execute(XmlRpcClient.java:444)
	at org.apache.xmlrpc.XmlRpcClient.execute(XmlRpcClient.java:163)
	at QueueSamplerClient3.main(QueueSamplerClient3.java:68)
OK
Aug 19, 2013 3:08:27 PM ServerCommunicatorAdmin reqIncoming
WARNING: The server has decided to close this client connection.
Exception in thread "main" java.io.IOException: Connection refused
	at org.apache.xmlrpc.XmlRpcClient$Worker.execute(XmlRpcClient.java:444)
	at org.apache.xmlrpc.XmlRpcClient.execute(XmlRpcClient.java:163)
	at QueueSamplerClient3.main(QueueSamplerClient3.java:68)
OK
Aug 22, 2013 2:31:46 PM ServerCommunicatorAdmin reqIncoming
WARNING: The server has decided to close this client connection.
Exception in thread "main" java.io.IOException: Connection refused
	at org.apache.xmlrpc.XmlRpcClient$Worker.execute(XmlRpcClient.java:444)
	at org.apache.xmlrpc.XmlRpcClient.execute(XmlRpcClient.java:163)
	at QueueSamplerClient3.main(QueueSamplerClient3.java:68)
OK
Sep 10, 2013 10:00:45 AM ServerCommunicatorAdmin reqIncoming
WARNING: The server has decided to close this client connection.
Exception in thread "main" org.apache.xmlrpc.XmlRpcException: There is no Gateway connected
	at org.apache.xmlrpc.XmlRpcClient$Worker.execute(XmlRpcClient.java:457)
	at org.apache.xmlrpc.XmlRpcClient.execute(XmlRpcClient.java:163)
	at QueueSamplerClient3.main(QueueSamplerClient3.java:68)
OK
Exception in thread "main" java.io.IOException: Connection refused
	at org.apache.xmlrpc.XmlRpcClient$Worker.execute(XmlRpcClient.java:444)
	at org.apache.xmlrpc.XmlRpcClient.execute(XmlRpcClient.java:163)
	at QueueSamplerClient3.main(QueueSamplerClient3.java:68)
OK
Exception in thread "main" java.io.IOException: Connection refused
	at org.apache.xmlrpc.XmlRpcClient$Worker.execute(XmlRpcClient.java:444)
	at org.apache.xmlrpc.XmlRpcClient.execute(XmlRpcClient.java:163)
	at QueueSamplerClient3.main(QueueSamplerClient3.java:68)
Exception in thread "main" org.apache.xmlrpc.XmlRpcException: There is no Gateway connected
	at org.apache.xmlrpc.XmlRpcClient$Worker.execute(XmlRpcClient.java:457)
	at org.apache.xmlrpc.XmlRpcClient.execute(XmlRpcClient.java:163)
	at QueueSamplerClient3.main(QueueSamplerClient3.java:21)
Exception in thread "main" org.apache.xmlrpc.XmlRpcException: Sampler does not exist
	at org.apache.xmlrpc.XmlRpcClient$Worker.execute(XmlRpcClient.java:457)
	at org.apache.xmlrpc.XmlRpcClient.execute(XmlRpcClient.java:163)
	at QueueSamplerClient3.main(QueueSamplerClient3.java:21)
OK
Exception in thread "main" java.io.IOException: Connection refused
	at org.apache.xmlrpc.XmlRpcClient$Worker.execute(XmlRpcClient.java:444)
	at org.apache.xmlrpc.XmlRpcClient.execute(XmlRpcClient.java:163)
	at QueueSamplerClient3.main(QueueSamplerClient3.java:68)
Exception in thread "main" org.apache.xmlrpc.XmlRpcException: Sampler does not exist
	at org.apache.xmlrpc.XmlRpcClient$Worker.execute(XmlRpcClient.java:457)
	at org.apache.xmlrpc.XmlRpcClient.execute(XmlRpcClient.java:163)
	at QueueSamplerClient3.main(QueueSamplerClient3.java:21)
Exception in thread "main" org.apache.xmlrpc.XmlRpcException: Sampler does not exist
	at org.apache.xmlrpc.XmlRpcClient$Worker.execute(XmlRpcClient.java:457)
	at org.apache.xmlrpc.XmlRpcClient.execute(XmlRpcClient.java:163)
	at QueueSamplerClient3.main(QueueSamplerClient3.java:21)
Exception in thread "main" org.apache.xmlrpc.XmlRpcException: Sampler does not exist
	at org.apache.xmlrpc.XmlRpcClient$Worker.execute(XmlRpcClient.java:457)
	at org.apache.xmlrpc.XmlRpcClient.execute(XmlRpcClient.java:163)
	at QueueSamplerClient3.main(QueueSamplerClient3.java:21)
Exception in thread "main" org.apache.xmlrpc.XmlRpcException: Sampler does not exist
	at org.apache.xmlrpc.XmlRpcClient$Worker.execute(XmlRpcClient.java:457)
	at org.apache.xmlrpc.XmlRpcClient.execute(XmlRpcClient.java:163)
	at QueueSamplerClient3.main(QueueSamplerClient3.java:21)
OK
Exception in thread "main" org.apache.xmlrpc.XmlRpcException: There is no Gateway connected
	at org.apache.xmlrpc.XmlRpcClient$Worker.execute(XmlRpcClient.java:457)
	at org.apache.xmlrpc.XmlRpcClient.execute(XmlRpcClient.java:163)
	at QueueSamplerClient3.main(QueueSamplerClient3.java:68)
OK
Exception in thread "main" org.apache.xmlrpc.XmlRpcException: There is no Gateway connected
	at org.apache.xmlrpc.XmlRpcClient$Worker.execute(XmlRpcClient.java:457)
	at org.apache.xmlrpc.XmlRpcClient.execute(XmlRpcClient.java:163)
	at QueueSamplerClient3.main(QueueSamplerClient3.java:68)
Exception in thread "main" org.apache.xmlrpc.XmlRpcException: There is no Gateway connected
	at org.apache.xmlrpc.XmlRpcClient$Worker.execute(XmlRpcClient.java:457)
	at org.apache.xmlrpc.XmlRpcClient.execute(XmlRpcClient.java:163)
	at QueueSamplerClient3.main(QueueSamplerClient3.java:21)
Exception in thread "main" org.apache.xmlrpc.XmlRpcException: Sampler does not exist
	at org.apache.xmlrpc.XmlRpcClient$Worker.execute(XmlRpcClient.java:457)
	at org.apache.xmlrpc.XmlRpcClient.execute(XmlRpcClient.java:163)
	at QueueSamplerClient3.main(QueueSamplerClient3.java:21)
Exception in thread "main" org.apache.xmlrpc.XmlRpcException: There is no Gateway connected
	at org.apache.xmlrpc.XmlRpcClient$Worker.execute(XmlRpcClient.java:457)
	at org.apache.xmlrpc.XmlRpcClient.execute(XmlRpcClient.java:163)
	at QueueSamplerClient3.main(QueueSamplerClient3.java:21)
Exception in thread "main" org.apache.xmlrpc.XmlRpcException: There is no Gateway connected
	at org.apache.xmlrpc.XmlRpcClient$Worker.execute(XmlRpcClient.java:457)
	at org.apache.xmlrpc.XmlRpcClient.execute(XmlRpcClient.java:163)
	at QueueSamplerClient3.main(QueueSamplerClient3.java:21)
Exception in thread "main" org.apache.xmlrpc.XmlRpcException: Sampler does not exist
	at org.apache.xmlrpc.XmlRpcClient$Worker.execute(XmlRpcClient.java:457)
	at org.apache.xmlrpc.XmlRpcClient.execute(XmlRpcClient.java:163)
	at QueueSamplerClient3.main(QueueSamplerClient3.java:21)
Exception in thread "main" org.apache.xmlrpc.XmlRpcException: There is no Gateway connected
	at org.apache.xmlrpc.XmlRpcClient$Worker.execute(XmlRpcClient.java:457)
	at org.apache.xmlrpc.XmlRpcClient.execute(XmlRpcClient.java:163)
	at QueueSamplerClient3.main(QueueSamplerClient3.java:21)
Exception in thread "main" org.apache.xmlrpc.XmlRpcException: There is no Gateway connected
	at org.apache.xmlrpc.XmlRpcClient$Worker.execute(XmlRpcClient.java:457)
	at org.apache.xmlrpc.XmlRpcClient.execute(XmlRpcClient.java:163)
	at QueueSamplerClient3.main(QueueSamplerClient3.java:21)
Exception in thread "main" org.apache.xmlrpc.XmlRpcException: There is no Gateway connected
	at org.apache.xmlrpc.XmlRpcClient$Worker.execute(XmlRpcClient.java:457)
	at org.apache.xmlrpc.XmlRpcClient.execute(XmlRpcClient.java:163)
	at QueueSamplerClient3.main(QueueSamplerClient3.java:21)
Exception in thread "main" org.apache.xmlrpc.XmlRpcException: Sampler does not exist
	at org.apache.xmlrpc.XmlRpcClient$Worker.execute(XmlRpcClient.java:457)
	at org.apache.xmlrpc.XmlRpcClient.execute(XmlRpcClient.java:163)
	at QueueSamplerClient3.main(QueueSamplerClient3.java:21)
Exception in thread "main" org.apache.xmlrpc.XmlRpcException: There is no Gateway connected
	at org.apache.xmlrpc.XmlRpcClient$Worker.execute(XmlRpcClient.java:457)
	at org.apache.xmlrpc.XmlRpcClient.execute(XmlRpcClient.java:163)
	at QueueSamplerClient3.main(QueueSamplerClient3.java:21)
Exception in thread "main" org.apache.xmlrpc.XmlRpcException: Sampler does not exist
	at org.apache.xmlrpc.XmlRpcClient$Worker.execute(XmlRpcClient.java:457)
	at org.apache.xmlrpc.XmlRpcClient.execute(XmlRpcClient.java:163)
	at QueueSamplerClient3.main(QueueSamplerClient3.java:21)
Exception in thread "main" org.apache.xmlrpc.XmlRpcException: There is no Gateway connected
	at org.apache.xmlrpc.XmlRpcClient$Worker.execute(XmlRpcClient.java:457)
	at org.apache.xmlrpc.XmlRpcClient.execute(XmlRpcClient.java:163)
	at QueueSamplerClient3.main(QueueSamplerClient3.java:21)
Exception in thread "main" org.apache.xmlrpc.XmlRpcException: There is no Gateway connected
	at org.apache.xmlrpc.XmlRpcClient$Worker.execute(XmlRpcClient.java:457)
	at org.apache.xmlrpc.XmlRpcClient.execute(XmlRpcClient.java:163)
	at QueueSamplerClient3.main(QueueSamplerClient3.java:21)
Exception in thread "main" org.apache.xmlrpc.XmlRpcException: There is no Gateway connected
	at org.apache.xmlrpc.XmlRpcClient$Worker.execute(XmlRpcClient.java:457)
	at org.apache.xmlrpc.XmlRpcClient.execute(XmlRpcClient.java:163)
	at QueueSamplerClient3.main(QueueSamplerClient3.java:21)
Exception in thread "main" org.apache.xmlrpc.XmlRpcException: Sampler does not exist
	at org.apache.xmlrpc.XmlRpcClient$Worker.execute(XmlRpcClient.java:457)
	at org.apache.xmlrpc.XmlRpcClient.execute(XmlRpcClient.java:163)
	at QueueSamplerClient3.main(QueueSamplerClient3.java:21)
Exception in thread "main" org.apache.xmlrpc.XmlRpcException: There is no Gateway connected
	at org.apache.xmlrpc.XmlRpcClient$Worker.execute(XmlRpcClient.java:457)
	at org.apache.xmlrpc.XmlRpcClient.execute(XmlRpcClient.java:163)
	at QueueSamplerClient3.main(QueueSamplerClient3.java:21)
Exception in thread "main" org.apache.xmlrpc.XmlRpcException: There is no Gateway connected
	at org.apache.xmlrpc.XmlRpcClient$Worker.execute(XmlRpcClient.java:457)
	at org.apache.xmlrpc.XmlRpcClient.execute(XmlRpcClient.java:163)
	at QueueSamplerClient3.main(QueueSamplerClient3.java:21)
Exception in thread "main" java.io.IOException: Connection refused
	at org.apache.xmlrpc.XmlRpcClient$Worker.execute(XmlRpcClient.java:444)
	at org.apache.xmlrpc.XmlRpcClient.execute(XmlRpcClient.java:163)
	at QueueSamplerClient3.main(QueueSamplerClient3.java:21)
Exception in thread "main" org.apache.xmlrpc.XmlRpcException: There is no Gateway connected
	at org.apache.xmlrpc.XmlRpcClient$Worker.execute(XmlRpcClient.java:457)
	at org.apache.xmlrpc.XmlRpcClient.execute(XmlRpcClient.java:163)
	at QueueSamplerClient3.main(QueueSamplerClient3.java:21)
Exception in thread "main" org.apache.xmlrpc.XmlRpcException: There is no Gateway connected
	at org.apache.xmlrpc.XmlRpcClient$Worker.execute(XmlRpcClient.java:457)
	at org.apache.xmlrpc.XmlRpcClient.execute(XmlRpcClient.java:163)
	at QueueSamplerClient3.main(QueueSamplerClient3.java:21)
Exception in thread "main" org.apache.xmlrpc.XmlRpcException: There is no Gateway connected
	at org.apache.xmlrpc.XmlRpcClient$Worker.execute(XmlRpcClient.java:457)
	at org.apache.xmlrpc.XmlRpcClient.execute(XmlRpcClient.java:163)
	at QueueSamplerClient3.main(QueueSamplerClient3.java:21)
Exception in thread "main" org.apache.xmlrpc.XmlRpcException: There is no Gateway connected
	at org.apache.xmlrpc.XmlRpcClient$Worker.execute(XmlRpcClient.java:457)
	at org.apache.xmlrpc.XmlRpcClient.execute(XmlRpcClient.java:163)
	at QueueSamplerClient3.main(QueueSamplerClient3.java:21)
Exception in thread "main" org.apache.xmlrpc.XmlRpcException: There is no Gateway connected
	at org.apache.xmlrpc.XmlRpcClient$Worker.execute(XmlRpcClient.java:457)
	at org.apache.xmlrpc.XmlRpcClient.execute(XmlRpcClient.java:163)
	at QueueSamplerClient3.main(QueueSamplerClient3.java:21)
Exception in thread "main" org.apache.xmlrpc.XmlRpcException: There is no Gateway connected
	at org.apache.xmlrpc.XmlRpcClient$Worker.execute(XmlRpcClient.java:457)
	at org.apache.xmlrpc.XmlRpcClient.execute(XmlRpcClient.java:163)
	at QueueSamplerClient3.main(QueueSamplerClient3.java:21)
Exception in thread "main" org.apache.xmlrpc.XmlRpcException: There is no Gateway connected
	at org.apache.xmlrpc.XmlRpcClient$Worker.execute(XmlRpcClient.java:457)
	at org.apache.xmlrpc.XmlRpcClient.execute(XmlRpcClient.java:163)
	at QueueSamplerClient3.main(QueueSamplerClient3.java:21)
Exception in thread "main" org.apache.xmlrpc.XmlRpcException: There is no Gateway connected
	at org.apache.xmlrpc.XmlRpcClient$Worker.execute(XmlRpcClient.java:457)
	at org.apache.xmlrpc.XmlRpcClient.execute(XmlRpcClient.java:163)
	at QueueSamplerClient3.main(QueueSamplerClient3.java:21)
Exception in thread "main" org.apache.xmlrpc.XmlRpcException: There is no Gateway connected
	at org.apache.xmlrpc.XmlRpcClient$Worker.execute(XmlRpcClient.java:457)
	at org.apache.xmlrpc.XmlRpcClient.execute(XmlRpcClient.java:163)
	at QueueSamplerClient3.main(QueueSamplerClient3.java:21)
OK
Exception in thread "main" org.apache.xmlrpc.XmlRpcException: There is no Gateway connected
	at org.apache.xmlrpc.XmlRpcClient$Worker.execute(XmlRpcClient.java:457)
	at org.apache.xmlrpc.XmlRpcClient.execute(XmlRpcClient.java:163)
	at QueueSamplerClient3.main(QueueSamplerClient3.java:68)
Exception in thread "main" org.apache.xmlrpc.XmlRpcException: Sampler does not exist
	at org.apache.xmlrpc.XmlRpcClient$Worker.execute(XmlRpcClient.java:457)
	at org.apache.xmlrpc.XmlRpcClient.execute(XmlRpcClient.java:163)
	at QueueSamplerClient3.main(QueueSamplerClient3.java:21)
OK
Jan 23, 2015 11:05:23 AM ServerCommunicatorAdmin reqIncoming
WARNING: The server has decided to close this client connection.
Exception in thread "main" org.apache.xmlrpc.XmlRpcException: Sampler does not exist
	at org.apache.xmlrpc.XmlRpcClient$Worker.execute(XmlRpcClient.java:457)
	at org.apache.xmlrpc.XmlRpcClient.execute(XmlRpcClient.java:163)
	at QueueSamplerClient3.main(QueueSamplerClient3.java:21)
Exception in thread "main" org.apache.xmlrpc.XmlRpcException: View 'myGroup-jqueues' already exists.
	at org.apache.xmlrpc.XmlRpcClient$Worker.execute(XmlRpcClient.java:457)
	at org.apache.xmlrpc.XmlRpcClient.execute(XmlRpcClient.java:163)
	at QueueSamplerClient3.main(QueueSamplerClient3.java:21)
Exception in thread "main" org.apache.xmlrpc.XmlRpcException: View 'myGroup-jqueues' already exists.
	at org.apache.xmlrpc.XmlRpcClient$Worker.execute(XmlRpcClient.java:457)
	at org.apache.xmlrpc.XmlRpcClient.execute(XmlRpcClient.java:163)
	at QueueSamplerClient3.main(QueueSamplerClient3.java:21)
OK
Exception in thread "main" org.apache.xmlrpc.XmlRpcException: There is no Gateway connected
	at org.apache.xmlrpc.XmlRpcClient$Worker.execute(XmlRpcClient.java:457)
	at org.apache.xmlrpc.XmlRpcClient.execute(XmlRpcClient.java:163)
	at QueueSamplerClient3.main(QueueSamplerClient3.java:21)
Exception in thread "main" org.apache.xmlrpc.XmlRpcException: There is no Gateway connected
	at org.apache.xmlrpc.XmlRpcClient$Worker.execute(XmlRpcClient.java:457)
	at org.apache.xmlrpc.XmlRpcClient.execute(XmlRpcClient.java:163)
	at QueueSamplerClient3.main(QueueSamplerClient3.java:21)
OK
Exception in thread "main" org.apache.xmlrpc.XmlRpcException: Sampler does not exist
	at org.apache.xmlrpc.XmlRpcClient$Worker.execute(XmlRpcClient.java:457)
	at org.apache.xmlrpc.XmlRpcClient.execute(XmlRpcClient.java:163)
	at QueueSamplerClient3.main(QueueSamplerClient3.java:21)
Error: Exception thrown by the agent : java.rmi.server.ExportException: Port already in use: 5003; nested exception is: 
	java.net.BindException: Address already in use
