Entry added on Mon 13 Jul 2015 02:14:01 PM BST -> xyz,01:00,04:00
Entry added on Mon 13 Jul 2015 02:21:20 PM BST -> Oliver,10:30,11:30
Entry added on Mon 13 Jul 2015 02:46:12 PM BST -> OWATSON,09:00,10:00
Entry removed on Mon 13 Jul 2015 02:48:10 PM BST,OWATSON,09:00,10:00,
Entry removed on Mon 13 Jul 2015 03:01:32 PM BST,OWATSON,09:00,10:00,
Entry removed on Mon 13 Jul 2015 03:02:20 PM BST,OWATSON,09:00,10:00,
Entry removed on Mon 13 Jul 2015 03:03:14 PM BST,OWATSON,09:00,10:00,
Entry removed on Mon 13 Jul 2015 03:04:00 PM BST,OWATSON,09:00,10:00,
Entry removed on Mon 13 Jul 2015 03:05:19 PM BST,OWATSON,09:00,10:00,
Entry removed on Mon 13 Jul 2015 03:05:33 PM BST,OWATSON,09:00,10:00,
Entry removed on Mon 13 Jul 2015 03:07:28 PM BST,OWATSON,09:00,10:00,
Entry removed on Mon 13 Jul 2015 03:08:58 PM BST,OWATSON,09:00,10:00,
Entry added on Mon 13 Jul 2015 03:10:23 PM BST -> OWATSON123,09:00,18:00
Entry removed on Mon 13 Jul 2015 03:11:47 PM BST,OWATSON123,09:00,18:00,
Entry added on Mon 13 Jul 2015 03:53:14 PM BST -> OWATSONJOB,16:00,19:00
Entry added on Mon 13 Jul 2015 03:53:37 PM BST -> JBARNESJOB,19:00,21:00
Entry added on Mon 13 Jul 2015 03:55:19 PM BST -> RBEBBJOB,09:00,12:00
Entry added on Mon 13 Jul 2015 03:56:35 PM BST -> ADMIN5,12:00,16:00
Entry removed on Mon 13 Jul 2015 03:57:34 PM BST,OWATSONJOB,16:00,19:00,
Entry removed on Mon 13 Jul 2015 04:54:31 PM BST,JOB1234,13:00,16:00,
Entry added on Tue 14 Jul 2015 10:36:30 AM BST -> CNIELSEN,11:00,13:00
Entry removed on Wed 15 Jul 2015 10:33:58 AM BST,CNIELSEN,11:00,13:00,
Entry added on Wed 15 Jul 2015 10:35:51 AM BST -> TEST,09:00,12:00
Entry added on Wed 15 Jul 2015 10:37:30 AM BST -> CNIELSEN,09:00,10:00
Entry removed on Wed 15 Jul 2015 11:38:19 AM BST,TEST,09:00,12:00,
Entry added on Wed 15 Jul 2015 04:12:35 PM BST -> ITRSJOB,12:00,20:00
Entry added on Wed 15 Jul 2015 04:15:21 PM BST -> LOKEJOB,21:00,23:00
Entry removed on Wed 15 Jul 2015 05:09:17 PM BST,LOKEJOB,21:00,23:00,
Entry removed on Wed 15 Jul 2015 05:09:36 PM BST,ITRSJOB,12:00,20:00,
Entry added on Wed 15 Jul 2015 05:10:29 PM BST -> OWATSON,09:00,21:00
Entry removed on Thu 16 Jul 2015 02:34:01 PM BST,OWATSON,09:00,21:00,
