12:33:13.163023401       XLON       UP          2851
12:33:13.277377833       XLON       UP          2849
12:33:16.73704248        XLON       UP          2847
12:33:18.559591404       XLON       UP          2845
12:33:24.64474126        BATE       UP          2532
12:33:24.66081693        CHIX       UP          3020
12:33:24.67659331        XLON       UP          2844
12:33:24.68782185        TRQX       UP          2928
12:34:11.58793784        XAMS       UP          1774
12:34:11.313203808       XAMS       UP          1775
12:34:11.313203808       XAMS       DOWN          1775
12:34:11.313203808       BATE       DOWN          1775
12:34:11.313203808       BATE       DOWN          1775
12:34:11.313203808       XAMS       DOWN          1775
12:34:11.313203808       XAMS       UP          1775
12:34:11.313203808       BATE       UP          1775
12:34:11.313203808       XAMS       DOWN          1775
12:34:11.313203808       XAMS       UP          1775
12:34:11.313203808       XAMS       DOWN          1775
12:34:11.313203808       XAMS       UP          1775
12:34:11.313203808       XAMS       DOWN          1775
12:34:11.313203808       XAMS       UP          1775
12:34:11.313203808       XAMS       DOWN          1775
12:34:11.313203808       XAMS       UP          1775
12:34:11.313203808       XAMS       DOWN          1775
12:34:11.313203808       XAMS       UP          1775
12:34:11.313203808       XAMS       DOWN          1999
12:34:11.313203808       XAMS       UP          2000
